<?xml version="1.0" encoding="UTF-8"?>
<testsuite xmlns:xsi="http://www.w3.org/2001/XMLSchema-instance" xsi:noNamespaceSchemaLocation="https://maven.apache.org/surefire/maven-surefire-plugin/xsd/surefire-test-report.xsd" name="ConversionTest" time="0.13" tests="14" errors="0" skipped="0" failures="0">
  <properties>
[...]
</properties>
  <testcase name="testNumeralSystemConversion{String, String, String, String}[1]" classname="ConversionTest" time="0.052"/>
  <testcase name="testNumeralSystemConversion{String, String, String, String}[2]" classname="ConversionTest" time="0.001"/>
  <testcase name="testNumeralSystemConversion{String, String, String, String}[3]" classname="ConversionTest" time="0.001"/>
  <testcase name="testNumeralSystemConversion{String, String, String, String}[4]" classname="ConversionTest" time="0.001"/>
  <testcase name="testNumeralSystemConversion{String, String, String, String}[5]" classname="ConversionTest" time="0.001"/>
  <testcase name="invalidDataThrowsInvalidParameterException{String, String, String}[1]" classname="ConversionTest" time="0.008"/>
  <testcase name="invalidDataThrowsInvalidParameterException{String, String, String}[2]" classname="ConversionTest" time="0.003"/>
  <testcase name="invalidDataThrowsInvalidParameterException{String, String, String}[3]" classname="ConversionTest" time="0.001"/>
  <testcase name="invalidDataThrowsInvalidParameterException{String, String, String}[4]" classname="ConversionTest" time="0.001"/>
  <testcase name="invalidDataThrowsInvalidParameterException{String, String, String}[5]" classname="ConversionTest" time="0"/>
  <testcase name="invalidDataThrowsInvalidParameterException{String, String, String}[6]" classname="ConversionTest" time="0"/>
  <testcase name="invalidDataThrowsInvalidParameterException{String, String, String}[7]" classname="ConversionTest" time="0.001"/>
  <testcase name="invalidDataThrowsInvalidParameterException{String, String, String}[8]" classname="ConversionTest" time="0.001"/>
  <testcase name="invalidDataThrowsInvalidParameterException{String, String, String}[9]" classname="ConversionTest" time="0"/>
</testsuite>